#
# A fatal error has been detected by the Java Runtime Environment:
#
#  EXCEPTION_IN_PAGE_ERROR (0xc0000006) at pc=0x00007ffbbf4a9f10, pid=25836, tid=24604
#
# JRE version: Java(TM) SE Runtime Environment (16.0.2+7) (build 16.0.2+7-67)
# Java VM: Java HotSpot(TM) 64-Bit Server VM (16.0.2+7-67, mixed mode, sharing, tiered, compressed oops, compressed class ptrs, g1 gc, windows-amd64)
# Problematic frame:
# V  [jvm.dll+0x1e9f10]
#
# No core dump will be written. Minidumps are not enabled by default on client versions of Windows
#
# If you would like to submit a bug report, please visit:
#   https://bugreport.java.com/bugreport/crash.jsp
#

---------------  S U M M A R Y ------------

Command Line: -Dclassworlds.conf=G:\Program Files\apache-maven-3.8.2\bin\m2.conf -Dmaven.home=G:\Program Files\apache-maven-3.8.2 -Dmaven.multiModuleProjectDirectory=D:\Santiago\AREP\parcial2 org.codehaus.plexus.classworlds.launcher.Launcher clean install

Host: Intel(R) Core(TM) i7-3770 CPU @ 3.40GHz, 8 cores, 15G,  Windows 10 , 64 bit Build 14393 (10.0.14393.2189)
Time: Wed Oct 13 14:44:14 2021 Hora est. Pacífico, Sudamérica elapsed time: 20.224317 seconds (0d 0h 0m 20s)

---------------  T H R E A D  ---------------

Current thread (0x000001d6cf9c0f70):  JavaThread "main" [_thread_in_vm, id=24604, stack(0x0000009440900000,0x0000009440a00000)]

Stack: [0x0000009440900000,0x0000009440a00000],  sp=0x00000094409f8740,  free space=993k
Native frames: (J=compiled Java code, j=interpreted, Vv=VM code, C=native code)
V  [jvm.dll+0x1e9f10]
V  [jvm.dll+0x1df631]
V  [jvm.dll+0x535ff8]
V  [jvm.dll+0x742a71]
V  [jvm.dll+0x40703f]
V  [jvm.dll+0x40d362]
C  [java.dll+0x194d]

Java frames: (J=compiled Java code, j=interpreted, Vv=VM code)
j  java.lang.ClassLoader.defineClass2(Ljava/lang/ClassLoader;Ljava/lang/String;Ljava/nio/ByteBuffer;IILjava/security/ProtectionDomain;Ljava/lang/String;)Ljava/lang/Class;+0 java.base@16.0.2
j  java.lang.ClassLoader.defineClass(Ljava/lang/String;Ljava/nio/ByteBuffer;Ljava/security/ProtectionDomain;)Ljava/lang/Class;+93 java.base@16.0.2
j  java.security.SecureClassLoader.defineClass(Ljava/lang/String;Ljava/nio/ByteBuffer;Ljava/security/CodeSource;)Ljava/lang/Class;+8 java.base@16.0.2
j  jdk.internal.loader.BuiltinClassLoader.defineClass(Ljava/lang/String;Ljdk/internal/loader/BuiltinClassLoader$LoadedModule;)Ljava/lang/Class;+127 java.base@16.0.2
J 473 c1 jdk.internal.loader.BuiltinClassLoader.loadClassOrNull(Ljava/lang/String;Z)Ljava/lang/Class; java.base@16.0.2 (143 bytes) @ 0x000001d6d779f75c [0x000001d6d779f140+0x000000000000061c]
J 475 c1 jdk.internal.loader.ClassLoaders$AppClassLoader.loadClass(Ljava/lang/String;Z)Ljava/lang/Class; java.base@16.0.2 (40 bytes) @ 0x000001d6d77a1794 [0x000001d6d77a1160+0x0000000000000634]
J 3880 c1 java.lang.ClassLoader.loadClass(Ljava/lang/String;)Ljava/lang/Class; java.base@16.0.2 (7 bytes) @ 0x000001d6d7eeea4c [0x000001d6d7eee940+0x000000000000010c]
v  ~StubRoutines::call_stub
j  com.sun.tools.javac.file.BaseFileManager.createLocations()Lcom/sun/tools/javac/file/Locations;+0 jdk.compiler@16.0.2
j  com.sun.tools.javac.file.BaseFileManager.<init>(Ljava/nio/charset/Charset;)V+45 jdk.compiler@16.0.2
j  com.sun.tools.javac.file.JavacFileManager.<init>(Lcom/sun/tools/javac/util/Context;ZLjava/nio/charset/Charset;)V+2 jdk.compiler@16.0.2
j  com.sun.tools.javac.api.JavacTool.getStandardFileManager(Ljavax/tools/DiagnosticListener;Ljava/util/Locale;Ljava/nio/charset/Charset;)Lcom/sun/tools/javac/file/JavacFileManager;+91 jdk.compiler@16.0.2
j  com.sun.tools.javac.api.JavacTool.getStandardFileManager(Ljavax/tools/DiagnosticListener;Ljava/util/Locale;Ljava/nio/charset/Charset;)Ljavax/tools/StandardJavaFileManager;+4 jdk.compiler@16.0.2
j  org.codehaus.plexus.compiler.javac.JavaxToolsCompiler.compileInProcess([Ljava/lang/String;Lorg/codehaus/plexus/compiler/CompilerConfiguration;[Ljava/lang/String;)Lorg/codehaus/plexus/compiler/CompilerResult;+83
j  org.codehaus.plexus.compiler.javac.JavacCompiler.performCompile(Lorg/codehaus/plexus/compiler/CompilerConfiguration;)Lorg/codehaus/plexus/compiler/CompilerResult;+211
j  org.apache.maven.plugin.compiler.AbstractCompilerMojo.execute()V+3190
j  org.apache.maven.plugin.compiler.CompilerMojo.execute()V+44
j  org.apache.maven.plugin.DefaultBuildPluginManager.executeMojo(Lorg/apache/maven/execution/MavenSession;Lorg/apache/maven/plugin/MojoExecution;)V+152
j  org.apache.maven.lifecycle.internal.MojoExecutor.execute(Lorg/apache/maven/execution/MavenSession;Lorg/apache/maven/plugin/MojoExecution;Lorg/apache/maven/lifecycle/internal/ProjectIndex;Lorg/apache/maven/lifecycle/internal/DependencyContext;)V+215
j  org.apache.maven.lifecycle.internal.MojoExecutor.execute(Lorg/apache/maven/execution/MavenSession;Lorg/apache/maven/plugin/MojoExecution;Lorg/apache/maven/lifecycle/internal/ProjectIndex;Lorg/apache/maven/lifecycle/internal/DependencyContext;Lorg/apache/maven/lifecycle/internal/PhaseRecorder;)V+6
j  org.apache.maven.lifecycle.internal.MojoExecutor.execute(Lorg/apache/maven/execution/MavenSession;Ljava/util/List;Lorg/apache/maven/lifecycle/internal/ProjectIndex;)V+60
j  org.apache.maven.lifecycle.internal.LifecycleModuleBuilder.buildProject(Lorg/apache/maven/execution/MavenSession;Lorg/apache/maven/execution/MavenSession;Lorg/apache/maven/lifecycle/internal/ReactorContext;Lorg/apache/maven/project/MavenProject;Lorg/apache/maven/lifecycle/internal/TaskSegment;)V+179
j  org.apache.maven.lifecycle.internal.LifecycleModuleBuilder.buildProject(Lorg/apache/maven/execution/MavenSession;Lorg/apache/maven/lifecycle/internal/ReactorContext;Lorg/apache/maven/project/MavenProject;Lorg/apache/maven/lifecycle/internal/TaskSegment;)V+7
j  org.apache.maven.lifecycle.internal.builder.singlethreaded.SingleThreadedBuilder.build(Lorg/apache/maven/execution/MavenSession;Lorg/apache/maven/lifecycle/internal/ReactorContext;Lorg/apache/maven/lifecycle/internal/ProjectBuildList;Ljava/util/List;Lorg/apache/maven/lifecycle/internal/ReactorBuildStatus;)V+77
j  org.apache.maven.lifecycle.internal.LifecycleStarter.execute(Lorg/apache/maven/execution/MavenSession;)V+348
j  org.apache.maven.DefaultMaven.doExecute(Lorg/apache/maven/execution/MavenExecutionRequest;Lorg/apache/maven/execution/MavenSession;Lorg/apache/maven/execution/MavenExecutionResult;Lorg/eclipse/aether/DefaultRepositorySystemSession;)Lorg/apache/maven/execution/MavenExecutionResult;+425
j  org.apache.maven.DefaultMaven.doExecute(Lorg/apache/maven/execution/MavenExecutionRequest;)Lorg/apache/maven/execution/MavenExecutionResult;+98
j  org.apache.maven.DefaultMaven.execute(Lorg/apache/maven/execution/MavenExecutionRequest;)Lorg/apache/maven/execution/MavenExecutionResult;+2
j  org.apache.maven.cli.MavenCli.execute(Lorg/apache/maven/cli/CliRequest;)I+27
j  org.apache.maven.cli.MavenCli.doMain(Lorg/apache/maven/cli/CliRequest;)I+71
j  org.apache.maven.cli.MavenCli.main([Ljava/lang/String;Lorg/codehaus/plexus/classworlds/ClassWorld;)I+24
v  ~StubRoutines::call_stub
j  jdk.internal.reflect.NativeMethodAccessorImpl.invoke0(Ljava/lang/reflect/Method;Ljava/lang/Object;[Ljava/lang/Object;)Ljava/lang/Object;+0 java.base@16.0.2
j  jdk.internal.reflect.NativeMethodAccessorImpl.invoke(Ljava/lang/Object;[Ljava/lang/Object;)Ljava/lang/Object;+146 java.base@16.0.2
j  jdk.internal.reflect.DelegatingMethodAccessorImpl.invoke(Ljava/lang/Object;[Ljava/lang/Object;)Ljava/lang/Object;+6 java.base@16.0.2
j  java.lang.reflect.Method.invoke(Ljava/lang/Object;[Ljava/lang/Object;)Ljava/lang/Object;+59 java.base@16.0.2
j  org.codehaus.plexus.classworlds.launcher.Launcher.launchEnhanced([Ljava/lang/String;)V+45
j  org.codehaus.plexus.classworlds.launcher.Launcher.launch([Ljava/lang/String;)V+2
j  org.codehaus.plexus.classworlds.launcher.Launcher.mainWithExitCode([Ljava/lang/String;)I+101
j  org.codehaus.plexus.classworlds.launcher.Launcher.main([Ljava/lang/String;)V+1
v  ~StubRoutines::call_stub

siginfo: EXCEPTION_IN_PAGE_ERROR (0xc0000006), reading address 0x000001d6d3f2b1a4


Register to memory mapping:

RIP=0x00007ffbbf4a9f10 jvm.dll
RAX=0x000001d6d3f2b1a4 points into unknown readable memory: ca fe ba be
RBX=0x000001d6cf9c0f70 is a thread
RCX=0x00000094409f89f0 is pointing into the stack for thread: 0x000001d6cf9c0f70
RDX=0x00000094409f8db0 is pointing into the stack for thread: 0x000001d6cf9c0f70
RSP=0x00000094409f8740 is pointing into the stack for thread: 0x000001d6cf9c0f70
RBP=0x00000094409f89f0 is pointing into the stack for thread: 0x000001d6cf9c0f70
RSI=0x000001d6cf9c0f70 is a thread
RDI=0x00000094409f89f0 is pointing into the stack for thread: 0x000001d6cf9c0f70
R8 =0x000001d6cf9c0f70 is a thread
R9 =0x000001d6f30a3970 points into unknown readable memory: 0x000001d6f30e3a00 | 00 3a 0e f3 d6 01 00 00
R10=0x0000000701e00000 is an oop: java.lang.reflect.Method 
{0x0000000701e00000} - klass: 'java/lang/reflect/Method'
R11=0x00000094409f8c18 is pointing into the stack for thread: 0x000001d6cf9c0f70
R12=0x00000094409f8c50 is pointing into the stack for thread: 0x000001d6cf9c0f70
R13=0x000001d6cd921ab0 points into unknown readable memory: 0x0072006f00000002 | 02 00 00 00 6f 00 72 00
R14=0x000001d6cf9c0f70 is a thread
R15=0x00000094409f8db0 is pointing into the stack for thread: 0x000001d6cf9c0f70


Registers:
RAX=0x000001d6d3f2b1a4, RBX=0x000001d6cf9c0f70, RCX=0x00000094409f89f0, RDX=0x00000094409f8db0
RSP=0x00000094409f8740, RBP=0x00000094409f89f0, RSI=0x000001d6cf9c0f70, RDI=0x00000094409f89f0
R8 =0x000001d6cf9c0f70, R9 =0x000001d6f30a3970, R10=0x0000000701e00000, R11=0x00000094409f8c18
R12=0x00000094409f8c50, R13=0x000001d6cd921ab0, R14=0x000001d6cf9c0f70, R15=0x00000094409f8db0
RIP=0x00007ffbbf4a9f10, EFLAGS=0x0000000000010246

Top of Stack: (sp=0x00000094409f8740)
0x00000094409f8740:   0000000000000000 0000000000000000
0x00000094409f8750:   0000000000000000 00000000e16049b0
0x00000094409f8760:   0000000000000000 000000070b024d80
0x00000094409f8770:   0000000000000000 000000070b02e800
0x00000094409f8780:   0000000000000000 0000000000000001
0x00000094409f8790:   0000000200000000 0000000000000002
0x00000094409f87a0:   0000000000000000 0000000000000001
0x00000094409f87b0:   0000000000000000 00000000e167b27b
0x00000094409f87c0:   0000000000000000 0000000000000000
0x00000094409f87d0:   00000094409f8a78 000000000000000a
0x00000094409f87e0:   00000094409f8a30 00000094409f8ac0
0x00000094409f87f0:   0000000000000002 00000094409f8ac8
0x00000094409f8800:   00000094409f8a78 00007ffbbf63db15
0x00000094409f8810:   00000094409f8a78 00000094409f8910
0x00000094409f8820:   0000000000000000 0000000000000000
0x00000094409f8830:   00000000db32e981 000001d6f4229760 

Instructions: (pc=0x00007ffbbf4a9f10)
0x00007ffbbf4a9e10:   b7 41 2c 49 8b cc 4c 8b 6c c2 48 49 8b d5 e8 6d
0x00007ffbbf4a9e20:   14 00 00 84 c0 74 0a 48 ff c3 48 3b dd 7c c1 eb
0x00007ffbbf4a9e30:   2d 49 8b cd e8 a7 a5 54 00 49 8b cc 48 8b d8 e8
0x00007ffbbf4a9e40:   9c a4 54 00 4c 8b c0 4c 89 74 24 20 4c 8b cb 48
0x00007ffbbf4a9e50:   8d 15 2a af 6d 00 48 8b cf e8 c2 4d ff ff 4c 8b
0x00007ffbbf4a9e60:   ac 24 88 00 00 00 4c 8b a4 24 b0 00 00 00 49 83
0x00007ffbbf4a9e70:   3f 00 74 15 48 8b 54 24 38 48 8b ce e8 9f 48 ec
0x00007ffbbf4a9e80:   ff 49 8b cf e8 07 48 ec ff 4c 89 7e 10 4c 89 66
0x00007ffbbf4a9e90:   18 4c 89 6e 20 48 8b 74 24 48 48 8b 6c 24 50 48
0x00007ffbbf4a9ea0:   8b 9c 24 80 00 00 00 4c 8b 64 24 40 48 83 c4 58
0x00007ffbbf4a9eb0:   41 5f 41 5e 41 5d 5f c3 cc cc cc cc cc cc cc cc
0x00007ffbbf4a9ec0:   40 55 41 56 41 57 48 81 ec 70 01 00 00 48 8b 05
0x00007ffbbf4a9ed0:   34 6e 8b 00 48 33 c4 48 89 84 24 40 01 00 00 48
0x00007ffbbf4a9ee0:   8b 42 10 4d 8b f0 48 2b 42 18 4c 8b fa 48 8b e9
0x00007ffbbf4a9ef0:   48 83 f8 08 73 0b 49 8b d0 49 8b cf e8 ff 29 00
0x00007ffbbf4a9f00:   00 49 83 7e 08 00 0f 85 e8 0a 00 00 49 8b 47 18
0x00007ffbbf4a9f10:   44 8b 00 48 83 c0 04 41 0f c8 49 89 47 18 41 81
0x00007ffbbf4a9f20:   f8 be ba fe ca 74 12 4d 8b ce 48 8d 15 97 c7 6d
0x00007ffbbf4a9f30:   00 48 8b cd e8 67 4f ff ff 49 83 7e 08 00 0f 85
0x00007ffbbf4a9f40:   b0 0a 00 00 49 8b 47 18 48 89 9c 24 a8 01 00 00
0x00007ffbbf4a9f50:   48 89 b4 24 68 01 00 00 48 89 bc 24 60 01 00 00
0x00007ffbbf4a9f60:   0f b7 08 48 83 c0 02 49 89 47 18 66 c1 c9 08 66
0x00007ffbbf4a9f70:   89 8d ae 01 00 00 49 8b 47 18 4c 89 a4 24 58 01
0x00007ffbbf4a9f80:   00 00 4c 89 ac 24 50 01 00 00 0f b7 08 48 83 c0
0x00007ffbbf4a9f90:   02 66 c1 c9 08 49 89 47 18 44 0f b7 c9 66 89 8d
0x00007ffbbf4a9fa0:   ac 01 00 00 80 3d c9 da 8e 00 00 0f 84 c5 00 00
0x00007ffbbf4a9fb0:   00 66 83 f9 32 0f 83 bb 00 00 00 48 8d 4c 24 70
0x00007ffbbf4a9fc0:   e8 db bb eb ff 48 8b 4d 08 e8 12 a3 54 00 44 0f
0x00007ffbbf4a9fd0:   b7 85 ae 01 00 00 48 8d 0d 1b c7 6d 00 0f b7 95
0x00007ffbbf4a9fe0:   ac 01 00 00 4c 8b c8 e8 a4 8c 05 00 0f b7 85 ae
0x00007ffbbf4a9ff0:   01 00 00 48 8d 15 56 98 6d 00 0f b7 8d ac 01 00
0x00007ffbbf4aa000:   00 41 b8 2b 17 00 00 4c 8b 0d 42 be 90 00 89 44 


Stack slot to memory mapping:
stack at sp + 0 slots: 0x0 is NULL
stack at sp + 1 slots: 0x0 is NULL
stack at sp + 2 slots: 0x0 is NULL
stack at sp + 3 slots: 3781183920 is a compressed pointer to object: java.lang.String 
{0x000000070b024d80} - klass: 'java/lang/String'
stack at sp + 4 slots: 0x0 is NULL
stack at sp + 5 slots: 0x000000070b024d80 is an oop: java.lang.String 
{0x000000070b024d80} - klass: 'java/lang/String'
stack at sp + 6 slots: 0x0 is NULL
stack at sp + 7 slots: 0x000000070b02e800 is an oop: org.apache.maven.model.PluginExecution 
{0x000000070b02e800} - klass: 'org/apache/maven/model/PluginExecution'


---------------  P R O C E S S  ---------------

Threads class SMR info:
_java_thread_list=0x000001d6f4595290, length=13, elements={
0x000001d6cf9c0f70, 0x000001d6f2625090, 0x000001d6f2625f50, 0x000001d6f3006c50,
0x000001d6f300a7e0, 0x000001d6f300b1e0, 0x000001d6f300bbe0, 0x000001d6f3014920,
0x000001d6f301f1b0, 0x000001d6f302c5b0, 0x000001d6f314eec0, 0x000001d6f3151d00,
0x000001d6f301fcd0
}

Java Threads: ( => current thread )
=>0x000001d6cf9c0f70 JavaThread "main" [_thread_in_vm, id=24604, stack(0x0000009440900000,0x0000009440a00000)]
  0x000001d6f2625090 JavaThread "Reference Handler" daemon [_thread_blocked, id=26876, stack(0x0000009441000000,0x0000009441100000)]
  0x000001d6f2625f50 JavaThread "Finalizer" daemon [_thread_blocked, id=16952, stack(0x0000009441100000,0x0000009441200000)]
  0x000001d6f3006c50 JavaThread "Signal Dispatcher" daemon [_thread_blocked, id=26396, stack(0x0000009441200000,0x0000009441300000)]
  0x000001d6f300a7e0 JavaThread "Attach Listener" daemon [_thread_blocked, id=8848, stack(0x0000009441300000,0x0000009441400000)]
  0x000001d6f300b1e0 JavaThread "Service Thread" daemon [_thread_blocked, id=13000, stack(0x0000009441400000,0x0000009441500000)]
  0x000001d6f300bbe0 JavaThread "Monitor Deflation Thread" daemon [_thread_blocked, id=10688, stack(0x0000009441500000,0x0000009441600000)]
  0x000001d6f3014920 JavaThread "C2 CompilerThread0" daemon [_thread_blocked, id=16072, stack(0x0000009441600000,0x0000009441700000)]
  0x000001d6f301f1b0 JavaThread "C1 CompilerThread0" daemon [_thread_blocked, id=22240, stack(0x0000009441700000,0x0000009441800000)]
  0x000001d6f302c5b0 JavaThread "Sweeper thread" daemon [_thread_blocked, id=13728, stack(0x0000009441800000,0x0000009441900000)]
  0x000001d6f314eec0 JavaThread "Notification Thread" daemon [_thread_blocked, id=10148, stack(0x0000009441900000,0x0000009441a00000)]
  0x000001d6f3151d00 JavaThread "Common-Cleaner" daemon [_thread_blocked, id=20440, stack(0x0000009441b00000,0x0000009441c00000)]
  0x000001d6f301fcd0 JavaThread "C2 CompilerThread1" daemon [_thread_blocked, id=8176, stack(0x0000009442900000,0x0000009442a00000)]

Other Threads:
  0x000001d6f261f790 VMThread "VM Thread" [stack: 0x0000009440f00000,0x0000009441000000] [id=8084] _threads_hazard_ptr=0x000001d6f4595290
  0x000001d6f3151a10 WatcherThread [stack: 0x0000009441a00000,0x0000009441b00000] [id=17432]
  0x000001d6cfa111b0 GCTaskThread "GC Thread#0" [stack: 0x0000009440a00000,0x0000009440b00000] [id=27204]
  0x000001d6f389dc20 GCTaskThread "GC Thread#1" [stack: 0x0000009441e00000,0x0000009441f00000] [id=7960]
  0x000001d6f31b62c0 GCTaskThread "GC Thread#2" [stack: 0x0000009441f00000,0x0000009442000000] [id=27176]
  0x000001d6f3cf0e50 GCTaskThread "GC Thread#3" [stack: 0x0000009442000000,0x0000009442100000] [id=20644]
  0x000001d6f3cf1160 GCTaskThread "GC Thread#4" [stack: 0x0000009442100000,0x0000009442200000] [id=11068]
  0x000001d6f3cf1470 GCTaskThread "GC Thread#5" [stack: 0x0000009442200000,0x0000009442300000] [id=12472]
  0x000001d6f3cab6f0 GCTaskThread "GC Thread#6" [stack: 0x0000009442300000,0x0000009442400000] [id=19884]
  0x000001d6f397e190 GCTaskThread "GC Thread#7" [stack: 0x0000009442400000,0x0000009442500000] [id=15976]
  0x000001d6cfa23110 ConcurrentGCThread "G1 Main Marker" [stack: 0x0000009440b00000,0x0000009440c00000] [id=10924]
  0x000001d6cfa247c0 ConcurrentGCThread "G1 Conc#0" [stack: 0x0000009440c00000,0x0000009440d00000] [id=4040]
  0x000001d6cfa9e530 ConcurrentGCThread "G1 Refine#0" [stack: 0x0000009440d00000,0x0000009440e00000] [id=20492]
  0x000001d6f24ca280 ConcurrentGCThread "G1 Service" [stack: 0x0000009440e00000,0x0000009440f00000] [id=4840]

Threads with active compile tasks:

VM state: synchronizing (normal execution)

VM Mutex/Monitor currently owned by a thread:  ([mutex/lock_event])
[0x000001d6cf9bd1e0] Threads_lock - owner thread: 0x000001d6f261f790

Heap address: 0x0000000701e00000, size: 4066 MB, Compressed Oops mode: Zero based, Oop shift amount: 3

CDS archive(s) mapped at: [0x0000000800000000-0x0000000800bb0000-0x0000000800bb0000), size 12255232, SharedBaseAddress: 0x0000000800000000, ArchiveRelocationMode: 0.
Compressed class space mapped at: 0x0000000800c00000-0x0000000840c00000, reserved size: 1073741824
Narrow klass base: 0x0000000800000000, Narrow klass shift: 3, Narrow klass range: 0x100000000

GC Precious Log:
 CPUs: 8 total, 8 available
 Memory: 16258M
 Large Page Support: Disabled
 NUMA Support: Disabled
 Compressed Oops: Enabled (Zero based)
 Heap Region Size: 2M
 Heap Min Capacity: 8M
 Heap Initial Capacity: 256M
 Heap Max Capacity: 4066M
 Pre-touch: Disabled
 Parallel Workers: 8
 Concurrent Workers: 2
 Concurrent Refinement Workers: 8
 Periodic GC: Disabled

Heap:
 garbage-first heap   total 262144K, used 120168K [0x0000000701e00000, 0x0000000800000000)
  region size 2048K, 58 young (118784K), 1 survivors (2048K)
 Metaspace       used 15402K, committed 15616K, reserved 1064960K
  class space    used 1659K, committed 1728K, reserved 1048576K

Heap Regions: E=young(eden), S=young(survivor), O=old, HS=humongous(starts), HC=humongous(continues), CS=collection set, F=free, OA=open archive, CA=closed archive, TAMS=top-at-mark-start (previous, next)
|   0|0x0000000701e00000, 0x0000000702000000, 0x0000000702000000|100%| O|  |TAMS 0x0000000701e00000, 0x0000000701e00000| Untracked 
|   1|0x0000000702000000, 0x0000000702161808, 0x0000000702200000| 69%| O|  |TAMS 0x0000000702000000, 0x0000000702000000| Untracked 
|   2|0x0000000702200000, 0x0000000702200000, 0x0000000702400000|  0%| F|  |TAMS 0x0000000702200000, 0x0000000702200000| Untracked 
|   3|0x0000000702400000, 0x0000000702400000, 0x0000000702600000|  0%| F|  |TAMS 0x0000000702400000, 0x0000000702400000| Untracked 
|   4|0x0000000702600000, 0x0000000702600000, 0x0000000702800000|  0%| F|  |TAMS 0x0000000702600000, 0x0000000702600000| Untracked 
|   5|0x0000000702800000, 0x0000000702800000, 0x0000000702a00000|  0%| F|  |TAMS 0x0000000702800000, 0x0000000702800000| Untracked 
|   6|0x0000000702a00000, 0x0000000702a00000, 0x0000000702c00000|  0%| F|  |TAMS 0x0000000702a00000, 0x0000000702a00000| Untracked 
|   7|0x0000000702c00000, 0x0000000702c00000, 0x0000000702e00000|  0%| F|  |TAMS 0x0000000702c00000, 0x0000000702c00000| Untracked 
|   8|0x0000000702e00000, 0x0000000702e00000, 0x0000000703000000|  0%| F|  |TAMS 0x0000000702e00000, 0x0000000702e00000| Untracked 
|   9|0x0000000703000000, 0x0000000703000000, 0x0000000703200000|  0%| F|  |TAMS 0x0000000703000000, 0x0000000703000000| Untracked 
|  10|0x0000000703200000, 0x0000000703200000, 0x0000000703400000|  0%| F|  |TAMS 0x0000000703200000, 0x0000000703200000| Untracked 
|  11|0x0000000703400000, 0x0000000703400000, 0x0000000703600000|  0%| F|  |TAMS 0x0000000703400000, 0x0000000703400000| Untracked 
|  12|0x0000000703600000, 0x0000000703600000, 0x0000000703800000|  0%| F|  |TAMS 0x0000000703600000, 0x0000000703600000| Untracked 
|  13|0x0000000703800000, 0x0000000703800000, 0x0000000703a00000|  0%| F|  |TAMS 0x0000000703800000, 0x0000000703800000| Untracked 
|  14|0x0000000703a00000, 0x0000000703a00000, 0x0000000703c00000|  0%| F|  |TAMS 0x0000000703a00000, 0x0000000703a00000| Untracked 
|  15|0x0000000703c00000, 0x0000000703c00000, 0x0000000703e00000|  0%| F|  |TAMS 0x0000000703c00000, 0x0000000703c00000| Untracked 
|  16|0x0000000703e00000, 0x0000000703e00000, 0x0000000704000000|  0%| F|  |TAMS 0x0000000703e00000, 0x0000000703e00000| Untracked 
|  17|0x0000000704000000, 0x0000000704000000, 0x0000000704200000|  0%| F|  |TAMS 0x0000000704000000, 0x0000000704000000| Untracked 
|  18|0x0000000704200000, 0x0000000704200000, 0x0000000704400000|  0%| F|  |TAMS 0x0000000704200000, 0x0000000704200000| Untracked 
|  19|0x0000000704400000, 0x0000000704400000, 0x0000000704600000|  0%| F|  |TAMS 0x0000000704400000, 0x0000000704400000| Untracked 
|  20|0x0000000704600000, 0x0000000704600000, 0x0000000704800000|  0%| F|  |TAMS 0x0000000704600000, 0x0000000704600000| Untracked 
|  21|0x0000000704800000, 0x0000000704800000, 0x0000000704a00000|  0%| F|  |TAMS 0x0000000704800000, 0x0000000704800000| Untracked 
|  22|0x0000000704a00000, 0x0000000704a00000, 0x0000000704c00000|  0%| F|  |TAMS 0x0000000704a00000, 0x0000000704a00000| Untracked 
|  23|0x0000000704c00000, 0x0000000704c00000, 0x0000000704e00000|  0%| F|  |TAMS 0x0000000704c00000, 0x0000000704c00000| Untracked 
|  24|0x0000000704e00000, 0x0000000704e00000, 0x0000000705000000|  0%| F|  |TAMS 0x0000000704e00000, 0x0000000704e00000| Untracked 
|  25|0x0000000705000000, 0x0000000705000000, 0x0000000705200000|  0%| F|  |TAMS 0x0000000705000000, 0x0000000705000000| Untracked 
|  26|0x0000000705200000, 0x0000000705200000, 0x0000000705400000|  0%| F|  |TAMS 0x0000000705200000, 0x0000000705200000| Untracked 
|  27|0x0000000705400000, 0x0000000705400000, 0x0000000705600000|  0%| F|  |TAMS 0x0000000705400000, 0x0000000705400000| Untracked 
|  28|0x0000000705600000, 0x0000000705600000, 0x0000000705800000|  0%| F|  |TAMS 0x0000000705600000, 0x0000000705600000| Untracked 
|  29|0x0000000705800000, 0x0000000705800000, 0x0000000705a00000|  0%| F|  |TAMS 0x0000000705800000, 0x0000000705800000| Untracked 
|  30|0x0000000705a00000, 0x0000000705a00000, 0x0000000705c00000|  0%| F|  |TAMS 0x0000000705a00000, 0x0000000705a00000| Untracked 
|  31|0x0000000705c00000, 0x0000000705c00000, 0x0000000705e00000|  0%| F|  |TAMS 0x0000000705c00000, 0x0000000705c00000| Untracked 
|  32|0x0000000705e00000, 0x0000000705e00000, 0x0000000706000000|  0%| F|  |TAMS 0x0000000705e00000, 0x0000000705e00000| Untracked 
|  33|0x0000000706000000, 0x0000000706000000, 0x0000000706200000|  0%| F|  |TAMS 0x0000000706000000, 0x0000000706000000| Untracked 
|  34|0x0000000706200000, 0x0000000706200000, 0x0000000706400000|  0%| F|  |TAMS 0x0000000706200000, 0x0000000706200000| Untracked 
|  35|0x0000000706400000, 0x0000000706400000, 0x0000000706600000|  0%| F|  |TAMS 0x0000000706400000, 0x0000000706400000| Untracked 
|  36|0x0000000706600000, 0x0000000706600000, 0x0000000706800000|  0%| F|  |TAMS 0x0000000706600000, 0x0000000706600000| Untracked 
|  37|0x0000000706800000, 0x0000000706800000, 0x0000000706a00000|  0%| F|  |TAMS 0x0000000706800000, 0x0000000706800000| Untracked 
|  38|0x0000000706a00000, 0x0000000706a00000, 0x0000000706c00000|  0%| F|  |TAMS 0x0000000706a00000, 0x0000000706a00000| Untracked 
|  39|0x0000000706c00000, 0x0000000706c00000, 0x0000000706e00000|  0%| F|  |TAMS 0x0000000706c00000, 0x0000000706c00000| Untracked 
|  40|0x0000000706e00000, 0x0000000706e00000, 0x0000000707000000|  0%| F|  |TAMS 0x0000000706e00000, 0x0000000706e00000| Untracked 
|  41|0x0000000707000000, 0x0000000707000000, 0x0000000707200000|  0%| F|  |TAMS 0x0000000707000000, 0x0000000707000000| Untracked 
|  42|0x0000000707200000, 0x0000000707200000, 0x0000000707400000|  0%| F|  |TAMS 0x0000000707200000, 0x0000000707200000| Untracked 
|  43|0x0000000707400000, 0x0000000707400000, 0x0000000707600000|  0%| F|  |TAMS 0x0000000707400000, 0x0000000707400000| Untracked 
|  44|0x0000000707600000, 0x0000000707600000, 0x0000000707800000|  0%| F|  |TAMS 0x0000000707600000, 0x0000000707600000| Untracked 
|  45|0x0000000707800000, 0x0000000707800000, 0x0000000707a00000|  0%| F|  |TAMS 0x0000000707800000, 0x0000000707800000| Untracked 
|  46|0x0000000707a00000, 0x0000000707a00000, 0x0000000707c00000|  0%| F|  |TAMS 0x0000000707a00000, 0x0000000707a00000| Untracked 
|  47|0x0000000707c00000, 0x0000000707c00000, 0x0000000707e00000|  0%| F|  |TAMS 0x0000000707c00000, 0x0000000707c00000| Untracked 
|  48|0x0000000707e00000, 0x0000000707e00000, 0x0000000708000000|  0%| F|  |TAMS 0x0000000707e00000, 0x0000000707e00000| Untracked 
|  49|0x0000000708000000, 0x0000000708000000, 0x0000000708200000|  0%| F|  |TAMS 0x0000000708000000, 0x0000000708000000| Untracked 
|  50|0x0000000708200000, 0x0000000708200000, 0x0000000708400000|  0%| F|  |TAMS 0x0000000708200000, 0x0000000708200000| Untracked 
|  51|0x0000000708400000, 0x0000000708400000, 0x0000000708600000|  0%| F|  |TAMS 0x0000000708400000, 0x0000000708400000| Untracked 
|  52|0x0000000708600000, 0x0000000708600000, 0x0000000708800000|  0%| F|  |TAMS 0x0000000708600000, 0x0000000708600000| Untracked 
|  53|0x0000000708800000, 0x0000000708800000, 0x0000000708a00000|  0%| F|  |TAMS 0x0000000708800000, 0x0000000708800000| Untracked 
|  54|0x0000000708a00000, 0x0000000708a00000, 0x0000000708c00000|  0%| F|  |TAMS 0x0000000708a00000, 0x0000000708a00000| Untracked 
|  55|0x0000000708c00000, 0x0000000708c00000, 0x0000000708e00000|  0%| F|  |TAMS 0x0000000708c00000, 0x0000000708c00000| Untracked 
|  56|0x0000000708e00000, 0x0000000708e00000, 0x0000000709000000|  0%| F|  |TAMS 0x0000000708e00000, 0x0000000708e00000| Untracked 
|  57|0x0000000709000000, 0x0000000709000000, 0x0000000709200000|  0%| F|  |TAMS 0x0000000709000000, 0x0000000709000000| Untracked 
|  58|0x0000000709200000, 0x0000000709200000, 0x0000000709400000|  0%| F|  |TAMS 0x0000000709200000, 0x0000000709200000| Untracked 
|  59|0x0000000709400000, 0x0000000709400000, 0x0000000709600000|  0%| F|  |TAMS 0x0000000709400000, 0x0000000709400000| Untracked 
|  60|0x0000000709600000, 0x0000000709600000, 0x0000000709800000|  0%| F|  |TAMS 0x0000000709600000, 0x0000000709600000| Untracked 
|  61|0x0000000709800000, 0x0000000709800000, 0x0000000709a00000|  0%| F|  |TAMS 0x0000000709800000, 0x0000000709800000| Untracked 
|  62|0x0000000709a00000, 0x0000000709a00000, 0x0000000709c00000|  0%| F|  |TAMS 0x0000000709a00000, 0x0000000709a00000| Untracked 
|  63|0x0000000709c00000, 0x0000000709c00000, 0x0000000709e00000|  0%| F|  |TAMS 0x0000000709c00000, 0x0000000709c00000| Untracked 
|  64|0x0000000709e00000, 0x0000000709e00000, 0x000000070a000000|  0%| F|  |TAMS 0x0000000709e00000, 0x0000000709e00000| Untracked 
|  65|0x000000070a000000, 0x000000070a000000, 0x000000070a200000|  0%| F|  |TAMS 0x000000070a000000, 0x000000070a000000| Untracked 
|  66|0x000000070a200000, 0x000000070a200000, 0x000000070a400000|  0%| F|  |TAMS 0x000000070a200000, 0x000000070a200000| Untracked 
|  67|0x000000070a400000, 0x000000070a400000, 0x000000070a600000|  0%| F|  |TAMS 0x000000070a400000, 0x000000070a400000| Untracked 
|  68|0x000000070a600000, 0x000000070a600000, 0x000000070a800000|  0%| F|  |TAMS 0x000000070a600000, 0x000000070a600000| Untracked 
|  69|0x000000070a800000, 0x000000070a800000, 0x000000070aa00000|  0%| F|  |TAMS 0x000000070a800000, 0x000000070a800000| Untracked 
|  70|0x000000070aa00000, 0x000000070ac00000, 0x000000070ac00000|100%| E|  |TAMS 0x000000070aa00000, 0x000000070aa00000| Complete 
|  71|0x000000070ac00000, 0x000000070ae00000, 0x000000070ae00000|100%| E|CS|TAMS 0x000000070ac00000, 0x000000070ac00000| Complete 
|  72|0x000000070ae00000, 0x000000070b000000, 0x000000070b000000|100%| E|CS|TAMS 0x000000070ae00000, 0x000000070ae00000| Complete 
|  73|0x000000070b000000, 0x000000070b200000, 0x000000070b200000|100%| E|CS|TAMS 0x000000070b000000, 0x000000070b000000| Complete 
|  74|0x000000070b200000, 0x000000070b400000, 0x000000070b400000|100%| E|CS|TAMS 0x000000070b200000, 0x000000070b200000| Complete 
|  75|0x000000070b400000, 0x000000070b600000, 0x000000070b600000|100%| E|CS|TAMS 0x000000070b400000, 0x000000070b400000| Complete 
|  76|0x000000070b600000, 0x000000070b800000, 0x000000070b800000|100%| E|CS|TAMS 0x000000070b600000, 0x000000070b600000| Complete 
|  77|0x000000070b800000, 0x000000070ba00000, 0x000000070ba00000|100%| E|CS|TAMS 0x000000070b800000, 0x000000070b800000| Complete 
|  78|0x000000070ba00000, 0x000000070bc00000, 0x000000070bc00000|100%| E|CS|TAMS 0x000000070ba00000, 0x000000070ba00000| Complete 
|  79|0x000000070bc00000, 0x000000070be00000, 0x000000070be00000|100%| E|CS|TAMS 0x000000070bc00000, 0x000000070bc00000| Complete 
|  80|0x000000070be00000, 0x000000070c000000, 0x000000070c000000|100%| E|CS|TAMS 0x000000070be00000, 0x000000070be00000| Complete 
|  81|0x000000070c000000, 0x000000070c200000, 0x000000070c200000|100%| E|CS|TAMS 0x000000070c000000, 0x000000070c000000| Complete 
|  82|0x000000070c200000, 0x000000070c400000, 0x000000070c400000|100%| E|CS|TAMS 0x000000070c200000, 0x000000070c200000| Complete 
|  83|0x000000070c400000, 0x000000070c600000, 0x000000070c600000|100%| E|CS|TAMS 0x000000070c400000, 0x000000070c400000| Complete 
|  84|0x000000070c600000, 0x000000070c800000, 0x000000070c800000|100%| E|CS|TAMS 0x000000070c600000, 0x000000070c600000| Complete 
|  85|0x000000070c800000, 0x000000070ca00000, 0x000000070ca00000|100%| E|CS|TAMS 0x000000070c800000, 0x000000070c800000| Complete 
|  86|0x000000070ca00000, 0x000000070cc00000, 0x000000070cc00000|100%| E|CS|TAMS 0x000000070ca00000, 0x000000070ca00000| Complete 
|  87|0x000000070cc00000, 0x000000070ce00000, 0x000000070ce00000|100%| E|CS|TAMS 0x000000070cc00000, 0x000000070cc00000| Complete 
|  88|0x000000070ce00000, 0x000000070d000000, 0x000000070d000000|100%| E|CS|TAMS 0x000000070ce00000, 0x000000070ce00000| Complete 
|  89|0x000000070d000000, 0x000000070d200000, 0x000000070d200000|100%| E|CS|TAMS 0x000000070d000000, 0x000000070d000000| Complete 
|  90|0x000000070d200000, 0x000000070d400000, 0x000000070d400000|100%| E|CS|TAMS 0x000000070d200000, 0x000000070d200000| Complete 
|  91|0x000000070d400000, 0x000000070d600000, 0x000000070d600000|100%| E|CS|TAMS 0x000000070d400000, 0x000000070d400000| Complete 
|  92|0x000000070d600000, 0x000000070d800000, 0x000000070d800000|100%| E|CS|TAMS 0x000000070d600000, 0x000000070d600000| Complete 
|  93|0x000000070d800000, 0x000000070da00000, 0x000000070da00000|100%| E|CS|TAMS 0x000000070d800000, 0x000000070d800000| Complete 
|  94|0x000000070da00000, 0x000000070dc00000, 0x000000070dc00000|100%| E|CS|TAMS 0x000000070da00000, 0x000000070da00000| Complete 
|  95|0x000000070dc00000, 0x000000070de00000, 0x000000070de00000|100%| E|CS|TAMS 0x000000070dc00000, 0x000000070dc00000| Complete 
|  96|0x000000070de00000, 0x000000070e000000, 0x000000070e000000|100%| E|CS|TAMS 0x000000070de00000, 0x000000070de00000| Complete 
|  97|0x000000070e000000, 0x000000070e200000, 0x000000070e200000|100%| E|CS|TAMS 0x000000070e000000, 0x000000070e000000| Complete 
|  98|0x000000070e200000, 0x000000070e400000, 0x000000070e400000|100%| E|CS|TAMS 0x000000070e200000, 0x000000070e200000| Complete 
|  99|0x000000070e400000, 0x000000070e600000, 0x000000070e600000|100%| E|CS|TAMS 0x000000070e400000, 0x000000070e400000| Complete 
| 100|0x000000070e600000, 0x000000070e800000, 0x000000070e800000|100%| E|CS|TAMS 0x000000070e600000, 0x000000070e600000| Complete 
| 101|0x000000070e800000, 0x000000070ea00000, 0x000000070ea00000|100%| E|CS|TAMS 0x000000070e800000, 0x000000070e800000| Complete 
| 102|0x000000070ea00000, 0x000000070ec00000, 0x000000070ec00000|100%| E|CS|TAMS 0x000000070ea00000, 0x000000070ea00000| Complete 
| 103|0x000000070ec00000, 0x000000070ee00000, 0x000000070ee00000|100%| E|CS|TAMS 0x000000070ec00000, 0x000000070ec00000| Complete 
| 104|0x000000070ee00000, 0x000000070f000000, 0x000000070f000000|100%| E|CS|TAMS 0x000000070ee00000, 0x000000070ee00000| Complete 
| 105|0x000000070f000000, 0x000000070f200000, 0x000000070f200000|100%| E|CS|TAMS 0x000000070f000000, 0x000000070f000000| Complete 
| 106|0x000000070f200000, 0x000000070f400000, 0x000000070f400000|100%| E|CS|TAMS 0x000000070f200000, 0x000000070f200000| Complete 
| 107|0x000000070f400000, 0x000000070f600000, 0x000000070f600000|100%| E|CS|TAMS 0x000000070f400000, 0x000000070f400000| Complete 
| 108|0x000000070f600000, 0x000000070f800000, 0x000000070f800000|100%| E|CS|TAMS 0x000000070f600000, 0x000000070f600000| Complete 
| 109|0x000000070f800000, 0x000000070fa00000, 0x000000070fa00000|100%| E|CS|TAMS 0x000000070f800000, 0x000000070f800000| Complete 
| 110|0x000000070fa00000, 0x000000070fbf88d0, 0x000000070fc00000| 98%| S|CS|TAMS 0x000000070fa00000, 0x000000070fa00000| Complete 
| 111|0x000000070fc00000, 0x000000070fe00000, 0x000000070fe00000|100%| E|CS|TAMS 0x000000070fc00000, 0x000000070fc00000| Complete 
| 112|0x000000070fe00000, 0x0000000710000000, 0x0000000710000000|100%| E|CS|TAMS 0x000000070fe00000, 0x000000070fe00000| Complete 
| 113|0x0000000710000000, 0x0000000710200000, 0x0000000710200000|100%| E|CS|TAMS 0x0000000710000000, 0x0000000710000000| Complete 
| 114|0x0000000710200000, 0x0000000710400000, 0x0000000710400000|100%| E|CS|TAMS 0x0000000710200000, 0x0000000710200000| Complete 
| 115|0x0000000710400000, 0x0000000710600000, 0x0000000710600000|100%| E|CS|TAMS 0x0000000710400000, 0x0000000710400000| Complete 
| 116|0x0000000710600000, 0x0000000710800000, 0x0000000710800000|100%| E|CS|TAMS 0x0000000710600000, 0x0000000710600000| Complete 
| 117|0x0000000710800000, 0x0000000710a00000, 0x0000000710a00000|100%| E|CS|TAMS 0x0000000710800000, 0x0000000710800000| Complete 
| 118|0x0000000710a00000, 0x0000000710c00000, 0x0000000710c00000|100%| E|CS|TAMS 0x0000000710a00000, 0x0000000710a00000| Complete 
| 119|0x0000000710c00000, 0x0000000710e00000, 0x0000000710e00000|100%| E|CS|TAMS 0x0000000710c00000, 0x0000000710c00000| Complete 
| 120|0x0000000710e00000, 0x0000000711000000, 0x0000000711000000|100%| E|CS|TAMS 0x0000000710e00000, 0x0000000710e00000| Complete 
| 121|0x0000000711000000, 0x0000000711200000, 0x0000000711200000|100%| E|CS|TAMS 0x0000000711000000, 0x0000000711000000| Complete 
| 122|0x0000000711200000, 0x0000000711400000, 0x0000000711400000|100%| E|CS|TAMS 0x0000000711200000, 0x0000000711200000| Complete 
| 123|0x0000000711400000, 0x0000000711600000, 0x0000000711600000|100%| E|CS|TAMS 0x0000000711400000, 0x0000000711400000| Complete 
| 124|0x0000000711600000, 0x0000000711800000, 0x0000000711800000|100%| E|CS|TAMS 0x0000000711600000, 0x0000000711600000| Complete 
| 125|0x0000000711800000, 0x0000000711a00000, 0x0000000711a00000|100%| E|CS|TAMS 0x0000000711800000, 0x0000000711800000| Complete 
| 126|0x0000000711a00000, 0x0000000711c00000, 0x0000000711c00000|100%| E|CS|TAMS 0x0000000711a00000, 0x0000000711a00000| Complete 
| 127|0x0000000711c00000, 0x0000000711e00000, 0x0000000711e00000|100%| E|CS|TAMS 0x0000000711c00000, 0x0000000711c00000| Complete 

Card table byte_map: [0x000001d6e6c70000,0x000001d6e7470000] _byte_map_base: 0x000001d6e3461000

Marking Bits (Prev, Next): (CMBitMap*) 0x000001d6cfa118a0, (CMBitMap*) 0x000001d6cfa118e0
 Prev Bits: [0x000001d6e7c70000, 0x000001d6ebbf8000)
 Next Bits: [0x000001d6ebc00000, 0x000001d6efb88000)

Polling page: 0x000001d6cda50000

Metaspace:

Usage:
  Non-class:     13.42 MB used.
      Class:      1.62 MB used.
       Both:     15.04 MB used.

Virtual space:
  Non-class space:       16.00 MB reserved,      13.56 MB ( 85%) committed,  2 nodes.
      Class space:        1.00 GB reserved,       1.69 MB ( <1%) committed,  1 nodes.
              Both:        1.02 GB reserved,      15.25 MB (  1%) committed. 

Chunk freelists:
   Non-Class:  1.73 MB
       Class:  2.32 MB
        Both:  4.06 MB

MaxMetaspaceSize: 17179869184.00 GB
CompressedClassSpaceSize: 1.00 GB
 - commit_granule_bytes: 65536.
 - commit_granule_words: 8192.
 - virtual_space_node_default_size: 1048576.
 - enlarge_chunks_in_place: 1.
 - new_chunks_are_fully_committed: 0.
 - uncommit_free_chunks: 1.
 - use_allocation_guard: 0.
 - handle_deallocations: 1.


Internal statistics:

num_allocs_failed_limit: 0.
num_arena_births: 78.
num_arena_deaths: 0.
num_vsnodes_births: 3.
num_vsnodes_deaths: 0.
num_space_committed: 244.
num_space_uncommitted: 0.
num_chunks_returned_to_freelist: 0.
num_chunks_taken_from_freelist: 604.
num_chunk_merges: 0.
num_chunk_splits: 447.
num_chunks_enlarged: 358.
num_purges: 0.

CodeHeap 'non-profiled nmethods': size=120000Kb used=2219Kb max_used=2219Kb free=117780Kb
 bounds [0x000001d6dec10000, 0x000001d6dee80000, 0x000001d6e6140000]
CodeHeap 'profiled nmethods': size=120000Kb used=8274Kb max_used=8274Kb free=111725Kb
 bounds [0x000001d6d76e0000, 0x000001d6d7f00000, 0x000001d6dec10000]
CodeHeap 'non-nmethods': size=5760Kb used=1207Kb max_used=1255Kb free=4553Kb
 bounds [0x000001d6d7140000, 0x000001d6d73b0000, 0x000001d6d76e0000]
 total_blobs=4390 nmethods=3892 adapters=410
 compilation: enabled
              stopped_count=0, restarted_count=0
 full_count=0

Compilation events (20 events):
Event: 16.801 Thread 0x000001d6f301f1b0 3881       3       java.nio.Buffer::remaining (20 bytes)
Event: 16.801 Thread 0x000001d6f301f1b0 nmethod 3881 0x000001d6d7eeeb90 code [0x000001d6d7eeed40, 0x000001d6d7eeeed8]
Event: 16.802 Thread 0x000001d6f3014920 3882       4       jdk.internal.jimage.ImageReader::requireOpen (18 bytes)
Event: 16.802 Thread 0x000001d6f3014920 nmethod 3882 0x000001d6dee39d90 code [0x000001d6dee39f20, 0x000001d6dee39fb8]
Event: 16.804 Thread 0x000001d6f301f1b0 3883       3       jdk.internal.jimage.ImageLocation::getAttribute (44 bytes)
Event: 16.805 Thread 0x000001d6f301f1b0 nmethod 3883 0x000001d6d7eeef90 code [0x000001d6d7eef1c0, 0x000001d6d7eef8b8]
Event: 16.817 Thread 0x000001d6f3014920 3884       4       java.util.regex.CharPredicates$$Lambda$47/0x800000053::is (5 bytes)
Event: 16.818 Thread 0x000001d6f3014920 nmethod 3884 0x000001d6dee3a090 code [0x000001d6dee3a220, 0x000001d6dee3a2f8]
Event: 16.819 Thread 0x000001d6f301f1b0 3885   !   3       java.util.regex.Pattern::<init> (144 bytes)
Event: 16.820 Thread 0x000001d6f301f1b0 nmethod 3885 0x000001d6d7eefb90 code [0x000001d6d7eefea0, 0x000001d6d7ef0ff8]
Event: 16.820 Thread 0x000001d6f301f1b0 3886       3       java.util.regex.Pattern::atom (422 bytes)
Event: 16.822 Thread 0x000001d6f301f1b0 nmethod 3886 0x000001d6d7ef1590 code [0x000001d6d7ef1900, 0x000001d6d7ef3048]
Event: 16.822 Thread 0x000001d6f301f1b0 3890   !   3       java.lang.invoke.MemberName::clone (14 bytes)
Event: 16.822 Thread 0x000001d6f301f1b0 nmethod 3890 0x000001d6d7ef3710 code [0x000001d6d7ef38e0, 0x000001d6d7ef3c78]
Event: 16.822 Thread 0x000001d6f301f1b0 3891       3       jdk.internal.org.objectweb.asm.MethodWriter::visitCode (1 bytes)
Event: 16.822 Thread 0x000001d6f301f1b0 nmethod 3891 0x000001d6d7ef3e10 code [0x000001d6d7ef3fa0, 0x000001d6d7ef40b8]
Event: 16.822 Thread 0x000001d6f301f1b0 3892       3       java.lang.invoke.MethodHandleNatives::refKindIsField (32 bytes)
Event: 16.823 Thread 0x000001d6f301f1b0 nmethod 3892 0x000001d6d7ef4190 code [0x000001d6d7ef4320, 0x000001d6d7ef4478]
Event: 16.823 Thread 0x000001d6f301f1b0 3893       3       java.lang.invoke.LambdaForm::forceInterpretation (14 bytes)
Event: 16.823 Thread 0x000001d6f301f1b0 nmethod 3893 0x000001d6d7ef4510 code [0x000001d6d7ef46a0, 0x000001d6d7ef4818]

GC Heap History (4 events):
Event: 8.842 GC heap before
{Heap before GC invocations=0 (full 0):
 garbage-first heap   total 262144K, used 20480K [0x0000000701e00000, 0x0000000800000000)
  region size 2048K, 11 young (22528K), 0 survivors (0K)
 Metaspace       used 4980K, committed 5184K, reserved 1056768K
  class space    used 564K, committed 640K, reserved 1048576K
}
Event: 8.845 GC heap after
{Heap after GC invocations=1 (full 0):
 garbage-first heap   total 262144K, used 3670K [0x0000000701e00000, 0x0000000800000000)
  region size 2048K, 2 young (4096K), 2 survivors (4096K)
 Metaspace       used 4980K, committed 5184K, reserved 1056768K
  class space    used 564K, committed 640K, reserved 1048576K
}
Event: 9.579 GC heap before
{Heap before GC invocations=1 (full 0):
 garbage-first heap   total 262144K, used 34390K [0x0000000701e00000, 0x0000000800000000)
  region size 2048K, 17 young (34816K), 2 survivors (4096K)
 Metaspace       used 9474K, committed 9664K, reserved 1064960K
  class space    used 1131K, committed 1216K, reserved 1048576K
}
Event: 9.583 GC heap after
{Heap after GC invocations=2 (full 0):
 garbage-first heap   total 262144K, used 5480K [0x0000000701e00000, 0x0000000800000000)
  region size 2048K, 1 young (2048K), 1 survivors (2048K)
 Metaspace       used 9474K, committed 9664K, reserved 1064960K
  class space    used 1131K, committed 1216K, reserved 1048576K
}

Deoptimization events (20 events):
Event: 16.008 Thread 0x000001d6cf9c0f70 DEOPT PACKING pc=0x000001d6dedc47a0 sp=0x00000094409fcfa0
Event: 16.008 Thread 0x000001d6cf9c0f70 DEOPT UNPACKING pc=0x000001d6d718d72e sp=0x00000094409fcf50 mode 2
Event: 16.540 Thread 0x000001d6cf9c0f70 Uncommon trap: trap_request=0x000001b6 fr.pc=0x000001d6dec43360 relative=0x0000000000000dc0
Event: 16.540 Thread 0x000001d6cf9c0f70 Uncommon trap: reason=unloaded action=reinterpret pc=0x000001d6dec43360 method=java.util.jar.JarFile.checkForSpecialAttributes()V @ 99 c2
Event: 16.540 Thread 0x000001d6cf9c0f70 DEOPT PACKING pc=0x000001d6dec43360 sp=0x00000094409fcf60
Event: 16.540 Thread 0x000001d6cf9c0f70 DEOPT UNPACKING pc=0x000001d6d718d72e sp=0x00000094409fce60 mode 2
Event: 16.541 Thread 0x000001d6cf9c0f70 Uncommon trap: trap_request=0x000001b6 fr.pc=0x000001d6dec458a4 relative=0x0000000000000244
Event: 16.541 Thread 0x000001d6cf9c0f70 Uncommon trap: reason=unloaded action=reinterpret pc=0x000001d6dec458a4 method=java.util.jar.JarFile.checkForSpecialAttributes()V @ 99 c2
Event: 16.541 Thread 0x000001d6cf9c0f70 DEOPT PACKING pc=0x000001d6dec458a4 sp=0x00000094409fcf40
Event: 16.541 Thread 0x000001d6cf9c0f70 DEOPT UNPACKING pc=0x000001d6d718d72e sp=0x00000094409fced8 mode 2
Event: 16.543 Thread 0x000001d6cf9c0f70 Uncommon trap: trap_request=0xffffff45 fr.pc=0x000001d6dec4a680 relative=0x0000000000000740
Event: 16.543 Thread 0x000001d6cf9c0f70 Uncommon trap: reason=unstable_if action=reinterpret pc=0x000001d6dec4a680 method=java.util.jar.JarFile.isMultiRelease()Z @ 4 c2
Event: 16.543 Thread 0x000001d6cf9c0f70 DEOPT PACKING pc=0x000001d6dec4a680 sp=0x00000094409fcac0
Event: 16.543 Thread 0x000001d6cf9c0f70 DEOPT UNPACKING pc=0x000001d6d718d72e sp=0x00000094409fc9a8 mode 2
Event: 16.651 Thread 0x000001d6cf9c0f70 DEOPT PACKING pc=0x000001d6d77bfff2 sp=0x00000094409fc8b0
Event: 16.651 Thread 0x000001d6cf9c0f70 DEOPT UNPACKING pc=0x000001d6d718dece sp=0x00000094409fbe00 mode 0
Event: 16.675 Thread 0x000001d6cf9c0f70 Uncommon trap: trap_request=0xffffff45 fr.pc=0x000001d6deccc510 relative=0x0000000000001450
Event: 16.675 Thread 0x000001d6cf9c0f70 Uncommon trap: reason=unstable_if action=reinterpret pc=0x000001d6deccc510 method=jdk.internal.jimage.BasicImageReader.findLocation(Ljava/lang/String;Ljava/lang/String;)Ljdk/internal/jimage/ImageLocation; @ 96 c2
Event: 16.675 Thread 0x000001d6cf9c0f70 DEOPT PACKING pc=0x000001d6deccc510 sp=0x00000094409fd3b0
Event: 16.675 Thread 0x000001d6cf9c0f70 DEOPT UNPACKING pc=0x000001d6d718d72e sp=0x00000094409fd300 mode 2

Classes unloaded (0 events):
No events

Classes redefined (0 events):
No events

Internal exceptions (17 events):
Event: 4.629 Thread 0x000001d6cf9c0f70 Exception <a 'java/lang/NullPointerException'{0x0000000711847818}> (0x0000000711847818) 
thrown [t:\workspace\open\src\hotspot\share\interpreter\linkResolver.cpp, line 1385]
Event: 4.769 Thread 0x000001d6cf9c0f70 Exception <a 'java/lang/NullPointerException'{0x0000000711927198}> (0x0000000711927198) 
thrown [t:\workspace\open\src\hotspot\share\interpreter\linkResolver.cpp, line 1385]
Event: 4.769 Thread 0x000001d6cf9c0f70 Exception <a 'java/lang/NullPointerException'{0x0000000711927470}> (0x0000000711927470) 
thrown [t:\workspace\open\src\hotspot\share\interpreter\linkResolver.cpp, line 1385]
Event: 4.769 Thread 0x000001d6cf9c0f70 Exception <a 'java/lang/NullPointerException'{0x0000000711927748}> (0x0000000711927748) 
thrown [t:\workspace\open\src\hotspot\share\interpreter\linkResolver.cpp, line 1385]
Event: 4.770 Thread 0x000001d6cf9c0f70 Exception <a 'java/lang/NullPointerException'{0x000000071192d358}> (0x000000071192d358) 
thrown [t:\workspace\open\src\hotspot\share\interpreter\linkResolver.cpp, line 1385]
Event: 4.772 Thread 0x000001d6cf9c0f70 Exception <a 'java/lang/NullPointerException'{0x00000007119431d0}> (0x00000007119431d0) 
thrown [t:\workspace\open\src\hotspot\share\interpreter\linkResolver.cpp, line 1385]
Event: 4.772 Thread 0x000001d6cf9c0f70 Exception <a 'java/lang/NullPointerException'{0x00000007119434a8}> (0x00000007119434a8) 
thrown [t:\workspace\open\src\hotspot\share\interpreter\linkResolver.cpp, line 1385]
Event: 4.773 Thread 0x000001d6cf9c0f70 Exception <a 'java/lang/NullPointerException'{0x0000000711943780}> (0x0000000711943780) 
thrown [t:\workspace\open\src\hotspot\share\interpreter\linkResolver.cpp, line 1385]
Event: 4.773 Thread 0x000001d6cf9c0f70 Exception <a 'java/lang/NullPointerException'{0x0000000711943a58}> (0x0000000711943a58) 
thrown [t:\workspace\open\src\hotspot\share\interpreter\linkResolver.cpp, line 1385]
Event: 8.510 Thread 0x000001d6cf9c0f70 Exception <a 'java/lang/NoSuchMethodError'{0x0000000711279c00}: 'void java.lang.invoke.DirectMethodHandle$Holder.invokeSpecial(java.lang.Object, java.lang.Object, java.lang.Object)'> (0x0000000711279c00) 
thrown [t:\workspace\open\src\hotspot\share\interpreter\linkResolver.cpp, line 790]
Event: 8.693 Thread 0x000001d6cf9c0f70 Exception <a 'java/lang/NoSuchMethodError'{0x0000000710f6c510}: 'java.lang.Object java.lang.invoke.DirectMethodHandle$Holder.newInvokeSpecial(java.lang.Object, java.lang.Object, java.lang.Object, java.lang.Object, java.lang.Object)'> (0x0000000710f6c510) 
thrown [t:\workspace\open\src\hotspot\share\interpreter\linkResolver.cpp, line 790]
Event: 9.665 Thread 0x000001d6cf9c0f70 Exception <a 'java/lang/NoClassDefFoundError'{0x0000000711b82c68}: com/google/inject/servlet/ServletModuleTargetVisitor> (0x0000000711b82c68) 
thrown [t:\workspace\open\src\hotspot\share\classfile\systemDictionary.cpp, line 245]
Event: 9.665 Thread 0x000001d6cf9c0f70 Exception <a 'java/lang/NoClassDefFoundError'{0x0000000711b845b0}: javax/annotation/Priority> (0x0000000711b845b0) 
thrown [t:\workspace\open\src\hotspot\share\classfile\systemDictionary.cpp, line 245]
Event: 9.734 Thread 0x000001d6cf9c0f70 Exception <a 'java/lang/NoSuchMethodError'{0x00000007118ceb80}: 'java.lang.Object java.lang.invoke.DirectMethodHandle$Holder.invokeStatic(java.lang.Object)'> (0x00000007118ceb80) 
thrown [t:\workspace\open\src\hotspot\share\interpreter\linkResolver.cpp, line 790]
Event: 9.737 Thread 0x000001d6cf9c0f70 Exception <a 'java/lang/NoSuchMethodError'{0x00000007118d9c88}: 'java.lang.Object java.lang.invoke.DirectMethodHandle$Holder.invokeStaticInit(java.lang.Object, int, int, int, int)'> (0x00000007118d9c88) 
thrown [t:\workspace\open\src\hotspot\share\interpreter\linkResolver.cpp, line 790]
Event: 11.474 Thread 0x000001d6cf9c0f70 Implicit null exception at 0x000001d6deca568b to 0x000001d6deca59fc
Event: 11.475 Thread 0x000001d6cf9c0f70 Implicit null exception at 0x000001d6dec7f58b to 0x000001d6dec7f8f8

Events (20 events):
Event: 16.675 Executing  VM operation: ICBufferFull done
Event: 16.763 loading class java/util/Collections$SynchronizedRandomAccessList
Event: 16.763 loading class java/util/Collections$SynchronizedList
Event: 16.763 loading class java/util/Collections$SynchronizedList done
Event: 16.763 loading class java/util/Collections$SynchronizedRandomAccessList done
Event: 16.769 loading class java/nio/charset/IllegalCharsetNameException
Event: 16.773 loading class java/nio/charset/IllegalCharsetNameException done
Event: 16.794 loading class java/io/UncheckedIOException
Event: 16.794 loading class java/io/UncheckedIOException done
Event: 16.794 loading class java/nio/file/InvalidPathException
Event: 16.794 loading class java/nio/file/InvalidPathException done
Event: 16.795 loading class java/nio/file/ProviderNotFoundException
Event: 16.795 loading class java/nio/file/ProviderNotFoundException done
Event: 16.823 Executing  VM operation: HandshakeAllThreads
Event: 16.823 Executing  VM operation: HandshakeAllThreads done
Event: 16.823 loading class java/util/JumboEnumSet
Event: 16.826 loading class java/util/JumboEnumSet done
Event: 16.827 loading class java/nio/file/FileVisitOption
Event: 16.828 loading class java/nio/file/FileVisitOption done
Event: 17.823 Executing  VM operation: Cleanup


Dynamic libraries:
0x00007ff64aa60000 - 0x00007ff64aa70000 	G:\Program Files\Java\jdk-16.0.2\bin\java.exe
0x00007ffc25720000 - 0x00007ffc258f2000 	C:\Windows\SYSTEM32\ntdll.dll
0x00007ffc23370000 - 0x00007ffc2341c000 	C:\Windows\System32\KERNEL32.DLL
0x00007ffc229e0000 - 0x00007ffc22bfd000 	C:\Windows\System32\KERNELBASE.dll
0x00007ffc223f0000 - 0x00007ffc224e5000 	C:\Windows\System32\ucrtbase.dll
0x00007ffc08bc0000 - 0x00007ffc08bd8000 	G:\Program Files\Java\jdk-16.0.2\bin\jli.dll
0x00007ffc09df0000 - 0x00007ffc09e09000 	G:\Program Files\Java\jdk-16.0.2\bin\VCRUNTIME140.dll
0x00007ffc23560000 - 0x00007ffc23602000 	C:\Windows\System32\ADVAPI32.dll
0x00007ffc22d50000 - 0x00007ffc22dee000 	C:\Windows\System32\msvcrt.dll
0x00007ffc23040000 - 0x00007ffc23099000 	C:\Windows\System32\sechost.dll
0x00007ffc25430000 - 0x00007ffc25551000 	C:\Windows\System32\RPCRT4.dll
0x00007ffc23200000 - 0x00007ffc23365000 	C:\Windows\System32\USER32.dll
0x00007ffc22300000 - 0x00007ffc2231e000 	C:\Windows\System32\win32u.dll
0x00007ffc16e30000 - 0x00007ffc170aa000 	C:\Windows\WinSxS\amd64_microsoft.windows.common-controls_6595b64144ccf1df_6.0.14393.953_none_42151e83c686086b\COMCTL32.dll
0x00007ffc23520000 - 0x00007ffc23554000 	C:\Windows\System32\GDI32.dll
0x00007ffc24bf0000 - 0x00007ffc24eb8000 	C:\Windows\System32\combase.dll
0x00007ffc224f0000 - 0x00007ffc22670000 	C:\Windows\System32\gdi32full.dll
0x00007ffc22380000 - 0x00007ffc223ea000 	C:\Windows\System32\bcryptPrimitives.dll
0x00007ffc16610000 - 0x00007ffc1661a000 	C:\Windows\SYSTEM32\VERSION.dll
0x00007ffc22d10000 - 0x00007ffc22d3e000 	C:\Windows\System32\IMM32.DLL
0x00007ffc0bae0000 - 0x00007ffc0baec000 	G:\Program Files\Java\jdk-16.0.2\bin\vcruntime140_1.dll
0x00007ffbed250000 - 0x00007ffbed2e1000 	G:\Program Files\Java\jdk-16.0.2\bin\msvcp140.dll
0x00007ffbbf2c0000 - 0x00007ffbbfe6b000 	G:\Program Files\Java\jdk-16.0.2\bin\server\jvm.dll
0x00007ffc25700000 - 0x00007ffc25708000 	C:\Windows\System32\PSAPI.DLL
0x00007ffc1a4a0000 - 0x00007ffc1a4a9000 	C:\Windows\SYSTEM32\WSOCK32.dll
0x00007ffc1f990000 - 0x00007ffc1f9b3000 	C:\Windows\SYSTEM32\WINMM.dll
0x00007ffc24b20000 - 0x00007ffc24b8a000 	C:\Windows\System32\WS2_32.dll
0x000001d6cda20000 - 0x000001d6cda4b000 	C:\Windows\SYSTEM32\WINMMBASE.dll
0x00007ffc22670000 - 0x00007ffc226b2000 	C:\Windows\System32\cfgmgr32.dll
0x00007ffc21c10000 - 0x00007ffc21c1f000 	C:\Windows\System32\kernel.appcore.dll
0x00007ffc0b820000 - 0x00007ffc0b82a000 	G:\Program Files\Java\jdk-16.0.2\bin\jimage.dll
0x00007ffc11580000 - 0x00007ffc11712000 	C:\Windows\SYSTEM32\DBGHELP.DLL
0x00007ffc11550000 - 0x00007ffc11579000 	C:\Windows\SYSTEM32\dbgcore.DLL
0x00007ffc05fe0000 - 0x00007ffc06005000 	G:\Program Files\Java\jdk-16.0.2\bin\java.dll
0x00007ffc23610000 - 0x00007ffc24b19000 	C:\Windows\System32\SHELL32.dll
0x00007ffc21c20000 - 0x00007ffc222f9000 	C:\Windows\System32\windows.storage.dll
0x00007ffc21b90000 - 0x00007ffc21bdc000 	C:\Windows\System32\powrprof.dll
0x00007ffc22fe0000 - 0x00007ffc23032000 	C:\Windows\System32\shlwapi.dll
0x00007ffc22890000 - 0x00007ffc22939000 	C:\Windows\System32\shcore.dll
0x00007ffc21bf0000 - 0x00007ffc21c04000 	C:\Windows\System32\profapi.dll
0x00007ffc08a40000 - 0x00007ffc08a59000 	G:\Program Files\Java\jdk-16.0.2\bin\net.dll
0x00007ffc1b9b0000 - 0x00007ffc1ba7d000 	C:\Windows\SYSTEM32\WINHTTP.dll
0x00007ffc21460000 - 0x00007ffc214bc000 	C:\Windows\system32\mswsock.dll
0x00007ffc08450000 - 0x00007ffc08463000 	G:\Program Files\Java\jdk-16.0.2\bin\nio.dll
0x00007ffc02e80000 - 0x00007ffc02e98000 	G:\Program Files\Java\jdk-16.0.2\bin\zip.dll
0x0000000069ac0000 - 0x0000000069ae4000 	C:\Users\Urrea Garcia\AppData\Local\Temp\jansi-2.3.4-4b4a7153b8b28094-jansi.dll
0x00007ffc0b580000 - 0x00007ffc0b590000 	G:\Program Files\Java\jdk-16.0.2\bin\verify.dll

dbghelp: loaded successfully - version: 4.0.5 - missing functions: none
symbol engine: initialized successfully - sym options: 0x614 - pdb path: .;G:\Program Files\Java\jdk-16.0.2\bin;C:\Windows\SYSTEM32;C:\Windows\WinSxS\amd64_microsoft.windows.common-controls_6595b64144ccf1df_6.0.14393.953_none_42151e83c686086b;G:\Program Files\Java\jdk-16.0.2\bin\server;C:\Users\Urrea Garcia\AppData\Local\Temp

VM Arguments:
jvm_args: -Dclassworlds.conf=G:\Program Files\apache-maven-3.8.2\bin\m2.conf -Dmaven.home=G:\Program Files\apache-maven-3.8.2 -Dmaven.multiModuleProjectDirectory=D:\Santiago\AREP\parcial2 
java_command: org.codehaus.plexus.classworlds.launcher.Launcher clean install
java_class_path (initial): G:\Program Files\apache-maven-3.8.2\boot\plexus-classworlds-2.6.0.jar
Launcher Type: SUN_STANDARD

[Global flags]
     intx CICompilerCount                          = 4                                         {product} {ergonomic}
     uint ConcGCThreads                            = 2                                         {product} {ergonomic}
     uint G1ConcRefinementThreads                  = 8                                         {product} {ergonomic}
   size_t G1HeapRegionSize                         = 2097152                                   {product} {ergonomic}
    uintx GCDrainStackTargetSize                   = 64                                        {product} {ergonomic}
   size_t InitialHeapSize                          = 268435456                                 {product} {ergonomic}
   size_t MarkStackSize                            = 4194304                                   {product} {ergonomic}
   size_t MaxHeapSize                              = 4263510016                                {product} {ergonomic}
   size_t MaxNewSize                               = 2556428288                                {product} {ergonomic}
   size_t MinHeapDeltaBytes                        = 2097152                                   {product} {ergonomic}
   size_t MinHeapSize                              = 8388608                                   {product} {ergonomic}
    uintx NonNMethodCodeHeapSize                   = 5839372                                {pd product} {ergonomic}
    uintx NonProfiledCodeHeapSize                  = 122909434                              {pd product} {ergonomic}
    uintx ProfiledCodeHeapSize                     = 122909434                              {pd product} {ergonomic}
    uintx ReservedCodeCacheSize                    = 251658240                              {pd product} {ergonomic}
     bool SegmentedCodeCache                       = true                                      {product} {ergonomic}
   size_t SoftMaxHeapSize                          = 4263510016                             {manageable} {ergonomic}
     bool UseCompressedClassPointers               = true                           {product lp64_product} {ergonomic}
     bool UseCompressedOops                        = true                           {product lp64_product} {ergonomic}
     bool UseG1GC                                  = true                                      {product} {ergonomic}
     bool UseLargePagesIndividualAllocation        = false                                  {pd product} {ergonomic}

Logging:
Log output configuration:
 #0: stdout all=warning uptime,level,tags
 #1: stderr all=off uptime,level,tags

Environment Variables:
JAVA_HOME=G:\Program Files\Java\jdk-16.0.2
PATH=C:\Program Files\Common Files\Oracle\Java\javapath;C:\Windows\system32;C:\Windows;C:\Windows\System32\Wbem;G:\Program Files\apache-maven-3.8.2\bin;G:\Program Files\Git\cmd;C:\Program Files\dotnet\;"G:\Program Files\Gradle\gradle-7.2\bin";C:\Program Files\PowerShell\7\;C:\Users\Urrea Garcia\AppData\Local\Microsoft\WindowsApps;G:\Program Files\JetBrains\IntelliJ IDEA Community Edition 2021.2\bin;;G:\Program Files\heroku\bin;C:\Users\Urrea Garcia\AppData\Local\GitHubDesktop\bin
USERNAME=Santiago
OS=Windows_NT
PROCESSOR_IDENTIFIER=Intel64 Family 6 Model 58 Stepping 9, GenuineIntel



---------------  S Y S T E M  ---------------

OS:
 Windows 10 , 64 bit Build 14393 (10.0.14393.2189)
OS uptime: 10 days 18:55 hours

CPU: total 8 (initial active 8) (4 cores per cpu, 2 threads per core) family 6 model 58 stepping 9 microcode 0x1b, cx8, cmov, fxsr, ht, mmx, sse, sse2, sse3, ssse3, sse4.1, sse4.2, popcnt, tsc, tscinvbit, avx, aes, erms, clmul, vzeroupper, clflush

Memory: 4k page, system-wide physical 16258M (2153M free)
TotalPageFile size 20747M (AvailPageFile size 2890M)
current process WorkingSet (physical memory assigned to process): 198M, peak: 205M
current process commit charge ("private bytes"): 385M, peak: 400M

vm_info: Java HotSpot(TM) 64-Bit Server VM (16.0.2+7-67) for windows-amd64 JRE (16.0.2+7-67), built on Jun  8 2021 23:24:19 by "mach5one" with MS VC++ 16.7 (VS2019)

END.
